2022-12-02 11:13:18,090 INFO (StartupInfoLogger.java:55)- Starting VideodownloadApplication on DESKTOP-MNQ005U with PID 12336 (E:\test\web\videodownload\videodownload\target\classes started by YAHD in E:\test\web\videodownload\videodownload)
2022-12-02 11:13:18,094 DEBUG (StartupInfoLogger.java:56)- Running with Spring Boot v2.2.6.RELEASE, Spring v5.2.5.RELEASE
2022-12-02 11:13:18,095 INFO (SpringApplication.java:651)- No active profile set, falling back to default profiles: default
2022-12-02 11:13:19,271 DEBUG (DocumentRoot.java:81)- Code archive: C:\Users\YAHD\.m2\repository\org\springframework\boot\spring-boot\2.2.6.RELEASE\spring-boot-2.2.6.RELEASE.jar
2022-12-02 11:13:19,271 DEBUG (DocumentRoot.java:125)- Code archive: C:\Users\YAHD\.m2\repository\org\springframework\boot\spring-boot\2.2.6.RELEASE\spring-boot-2.2.6.RELEASE.jar
2022-12-02 11:13:19,272 DEBUG (DocumentRoot.java:149)- None of the document roots [src/main/webapp, public, static] point to a directory and will be ignored.
2022-12-02 11:13:20,391 INFO (StartupInfoLogger.java:61)- Started VideodownloadApplication in 2.749 seconds (JVM running for 3.579)
2022-12-02 11:20:01,485 INFO (StartupInfoLogger.java:55)- Starting VideodownloadApplication on DESKTOP-MNQ005U with PID 13220 (E:\test\web\videodownload\videodownload\target\classes started by YAHD in E:\test\web\videodownload\videodownload)
2022-12-02 11:20:01,488 DEBUG (StartupInfoLogger.java:56)- Running with Spring Boot v2.2.6.RELEASE, Spring v5.2.5.RELEASE
2022-12-02 11:20:01,488 INFO (SpringApplication.java:651)- No active profile set, falling back to default profiles: default
2022-12-02 11:20:02,338 DEBUG (DocumentRoot.java:81)- Code archive: C:\Users\YAHD\.m2\repository\org\springframework\boot\spring-boot\2.2.6.RELEASE\spring-boot-2.2.6.RELEASE.jar
2022-12-02 11:20:02,338 DEBUG (DocumentRoot.java:125)- Code archive: C:\Users\YAHD\.m2\repository\org\springframework\boot\spring-boot\2.2.6.RELEASE\spring-boot-2.2.6.RELEASE.jar
2022-12-02 11:20:02,339 DEBUG (DocumentRoot.java:149)- None of the document roots [src/main/webapp, public, static] point to a directory and will be ignored.
2022-12-02 11:20:03,320 INFO (StartupInfoLogger.java:61)- Started VideodownloadApplication in 2.112 seconds (JVM running for 2.715)
2022-12-02 11:20:49,629 INFO (StartupInfoLogger.java:55)- Starting VideodownloadApplication on DESKTOP-MNQ005U with PID 7640 (E:\test\web\videodownload\videodownload\target\classes started by YAHD in E:\test\web\videodownload\videodownload)
2022-12-02 11:20:49,631 DEBUG (StartupInfoLogger.java:56)- Running with Spring Boot v2.2.6.RELEASE, Spring v5.2.5.RELEASE
2022-12-02 11:20:49,632 INFO (SpringApplication.java:651)- No active profile set, falling back to default profiles: default
2022-12-02 11:20:50,523 DEBUG (DocumentRoot.java:81)- Code archive: C:\Users\YAHD\.m2\repository\org\springframework\boot\spring-boot\2.2.6.RELEASE\spring-boot-2.2.6.RELEASE.jar
2022-12-02 11:20:50,524 DEBUG (DocumentRoot.java:125)- Code archive: C:\Users\YAHD\.m2\repository\org\springframework\boot\spring-boot\2.2.6.RELEASE\spring-boot-2.2.6.RELEASE.jar
2022-12-02 11:20:50,524 DEBUG (DocumentRoot.java:149)- None of the document roots [src/main/webapp, public, static] point to a directory and will be ignored.
2022-12-02 11:20:51,460 INFO (StartupInfoLogger.java:61)- Started VideodownloadApplication in 2.096 seconds (JVM running for 2.796)
2022-12-02 11:28:46,197 INFO (StartupInfoLogger.java:55)- Starting VideodownloadApplication on DESKTOP-MNQ005U with PID 7564 (E:\test\web\videodownload\videodownload\target\classes started by YAHD in E:\test\web\videodownload\videodownload)
2022-12-02 11:28:46,198 DEBUG (StartupInfoLogger.java:56)- Running with Spring Boot v2.2.6.RELEASE, Spring v5.2.5.RELEASE
2022-12-02 11:28:46,199 INFO (SpringApplication.java:651)- No active profile set, falling back to default profiles: default
2022-12-02 11:28:47,029 DEBUG (DocumentRoot.java:81)- Code archive: C:\Users\YAHD\.m2\repository\org\springframework\boot\spring-boot\2.2.6.RELEASE\spring-boot-2.2.6.RELEASE.jar
2022-12-02 11:28:47,030 DEBUG (DocumentRoot.java:125)- Code archive: C:\Users\YAHD\.m2\repository\org\springframework\boot\spring-boot\2.2.6.RELEASE\spring-boot-2.2.6.RELEASE.jar
2022-12-02 11:28:47,030 DEBUG (DocumentRoot.java:149)- None of the document roots [src/main/webapp, public, static] point to a directory and will be ignored.
2022-12-02 11:28:47,942 INFO (StartupInfoLogger.java:61)- Started VideodownloadApplication in 2.021 seconds (JVM running for 2.623)
2022-12-02 11:30:29,874 INFO (StartupInfoLogger.java:55)- Starting VideodownloadApplication on DESKTOP-MNQ005U with PID 6220 (E:\test\web\videodownload\videodownload\target\classes started by YAHD in E:\test\web\videodownload\videodownload)
2022-12-02 11:30:29,876 DEBUG (StartupInfoLogger.java:56)- Running with Spring Boot v2.2.6.RELEASE, Spring v5.2.5.RELEASE
2022-12-02 11:30:29,876 INFO (SpringApplication.java:651)- No active profile set, falling back to default profiles: default
2022-12-02 11:30:30,729 DEBUG (DocumentRoot.java:81)- Code archive: C:\Users\YAHD\.m2\repository\org\springframework\boot\spring-boot\2.2.6.RELEASE\spring-boot-2.2.6.RELEASE.jar
2022-12-02 11:30:30,729 DEBUG (DocumentRoot.java:125)- Code archive: C:\Users\YAHD\.m2\repository\org\springframework\boot\spring-boot\2.2.6.RELEASE\spring-boot-2.2.6.RELEASE.jar
2022-12-02 11:30:30,729 DEBUG (DocumentRoot.java:149)- None of the document roots [src/main/webapp, public, static] point to a directory and will be ignored.
2022-12-02 11:30:31,714 INFO (StartupInfoLogger.java:61)- Started VideodownloadApplication in 2.122 seconds (JVM running for 2.727)
2022-12-02 11:30:48,560 INFO (StartupInfoLogger.java:55)- Starting VideodownloadApplication on DESKTOP-MNQ005U with PID 7148 (E:\test\web\videodownload\videodownload\target\classes started by YAHD in E:\test\web\videodownload\videodownload)
2022-12-02 11:30:48,562 DEBUG (StartupInfoLogger.java:56)- Running with Spring Boot v2.2.6.RELEASE, Spring v5.2.5.RELEASE
2022-12-02 11:30:48,563 INFO (SpringApplication.java:651)- No active profile set, falling back to default profiles: default
2022-12-02 11:30:49,405 DEBUG (DocumentRoot.java:81)- Code archive: C:\Users\YAHD\.m2\repository\org\springframework\boot\spring-boot\2.2.6.RELEASE\spring-boot-2.2.6.RELEASE.jar
2022-12-02 11:30:49,406 DEBUG (DocumentRoot.java:125)- Code archive: C:\Users\YAHD\.m2\repository\org\springframework\boot\spring-boot\2.2.6.RELEASE\spring-boot-2.2.6.RELEASE.jar
2022-12-02 11:30:49,406 DEBUG (DocumentRoot.java:149)- None of the document roots [src/main/webapp, public, static] point to a directory and will be ignored.
2022-12-02 11:30:50,311 INFO (StartupInfoLogger.java:61)- Started VideodownloadApplication in 2.026 seconds (JVM running for 2.656)
2022-12-02 11:31:31,808 INFO (StartupInfoLogger.java:55)- Starting VideodownloadApplication on DESKTOP-MNQ005U with PID 9712 (E:\test\web\videodownload\videodownload\target\classes started by YAHD in E:\test\web\videodownload\videodownload)
2022-12-02 11:31:31,810 DEBUG (StartupInfoLogger.java:56)- Running with Spring Boot v2.2.6.RELEASE, Spring v5.2.5.RELEASE
2022-12-02 11:31:31,810 INFO (SpringApplication.java:651)- No active profile set, falling back to default profiles: default
2022-12-02 11:31:32,631 DEBUG (DocumentRoot.java:81)- Code archive: C:\Users\YAHD\.m2\repository\org\springframework\boot\spring-boot\2.2.6.RELEASE\spring-boot-2.2.6.RELEASE.jar
2022-12-02 11:31:32,632 DEBUG (DocumentRoot.java:125)- Code archive: C:\Users\YAHD\.m2\repository\org\springframework\boot\spring-boot\2.2.6.RELEASE\spring-boot-2.2.6.RELEASE.jar
2022-12-02 11:31:32,632 DEBUG (DocumentRoot.java:149)- None of the document roots [src/main/webapp, public, static] point to a directory and will be ignored.
2022-12-02 11:31:33,591 INFO (StartupInfoLogger.java:61)- Started VideodownloadApplication in 2.055 seconds (JVM running for 2.687)
2022-12-02 19:22:30,161 INFO (StartupInfoLogger.java:55)- Starting VideodownloadApplication on DESKTOP-MNQ005U with PID 12144 (E:\test\web\videodownload\videodownload\target\classes started by YAHD in E:\test\web\videodownload\videodownload)
2022-12-02 19:22:30,162 DEBUG (StartupInfoLogger.java:56)- Running with Spring Boot v2.2.6.RELEASE, Spring v5.2.5.RELEASE
2022-12-02 19:22:30,163 INFO (SpringApplication.java:651)- No active profile set, falling back to default profiles: default
2022-12-02 19:22:31,505 DEBUG (DocumentRoot.java:81)- Code archive: C:\Users\YAHD\.m2\repository\org\springframework\boot\spring-boot\2.2.6.RELEASE\spring-boot-2.2.6.RELEASE.jar
2022-12-02 19:22:31,506 DEBUG (DocumentRoot.java:125)- Code archive: C:\Users\YAHD\.m2\repository\org\springframework\boot\spring-boot\2.2.6.RELEASE\spring-boot-2.2.6.RELEASE.jar
2022-12-02 19:22:31,506 DEBUG (DocumentRoot.java:149)- None of the document roots [src/main/webapp, public, static] point to a directory and will be ignored.
2022-12-02 19:22:32,827 INFO (StartupInfoLogger.java:61)- Started VideodownloadApplication in 3.104 seconds (JVM running for 4.068)
2022-12-02 19:27:23,016 INFO (StartupInfoLogger.java:55)- Starting VideodownloadApplication on DESKTOP-MNQ005U with PID 8544 (E:\test\web\videodownload\videodownload\target\classes started by YAHD in E:\test\web\videodownload\videodownload)
2022-12-02 19:27:23,017 DEBUG (StartupInfoLogger.java:56)- Running with Spring Boot v2.2.6.RELEASE, Spring v5.2.5.RELEASE
2022-12-02 19:27:23,018 INFO (SpringApplication.java:651)- No active profile set, falling back to default profiles: default
2022-12-02 19:27:23,794 DEBUG (DocumentRoot.java:81)- Code archive: C:\Users\YAHD\.m2\repository\org\springframework\boot\spring-boot\2.2.6.RELEASE\spring-boot-2.2.6.RELEASE.jar
2022-12-02 19:27:23,795 DEBUG (DocumentRoot.java:125)- Code archive: C:\Users\YAHD\.m2\repository\org\springframework\boot\spring-boot\2.2.6.RELEASE\spring-boot-2.2.6.RELEASE.jar
2022-12-02 19:27:23,795 DEBUG (DocumentRoot.java:149)- None of the document roots [src/main/webapp, public, static] point to a directory and will be ignored.
2022-12-02 19:27:24,565 INFO (StartupInfoLogger.java:61)- Started VideodownloadApplication in 1.82 seconds (JVM running for 2.429)
2022-12-02 19:27:32,207 DEBUG (BaseJdbcLogger.java:159)- ==>  Preparing: select * from dataCount where type=? and date=? 
2022-12-02 19:27:32,226 DEBUG (BaseJdbcLogger.java:159)- ==> Parameters: 全景图(String), 2022年12月02日(String)
2022-12-02 19:27:32,271 DEBUG (BaseJdbcLogger.java:159)- <==      Total: 0
2022-12-02 19:27:32,275 DEBUG (BaseJdbcLogger.java:159)- ==>  Preparing: insert into dataCount(date,type,number) value (?,?,?) 
2022-12-02 19:27:32,275 DEBUG (BaseJdbcLogger.java:159)- ==> Parameters: 2022年12月02日(String), 全景图(String), 1(Integer)
2022-12-02 19:27:32,290 DEBUG (BaseJdbcLogger.java:159)- <==    Updates: 1
2022-12-02 19:27:36,616 DEBUG (BaseJdbcLogger.java:159)- ==>  Preparing: select * from dataCount where type=? and date=? 
2022-12-02 19:27:36,617 DEBUG (BaseJdbcLogger.java:159)- ==> Parameters: 全景图(String), 2022年12月02日(String)
2022-12-02 19:27:36,619 DEBUG (BaseJdbcLogger.java:159)- <==      Total: 1
2022-12-02 19:27:36,620 DEBUG (BaseJdbcLogger.java:159)- ==>  Preparing: update dataCount set date=?,type =?,number =? where type =? and date=? 
2022-12-02 19:27:36,620 DEBUG (BaseJdbcLogger.java:159)- ==> Parameters: 2022年12月02日(String), 全景图(String), 2(Integer), 全景图(String), 2022年12月02日(String)
2022-12-02 19:27:36,629 DEBUG (BaseJdbcLogger.java:159)- <==    Updates: 1
2022-12-02 19:27:40,274 DEBUG (BaseJdbcLogger.java:159)- ==>  Preparing: select * from dataCount where type=? and date=? 
2022-12-02 19:27:40,275 DEBUG (BaseJdbcLogger.java:159)- ==> Parameters: 全景图(String), 2022年12月02日(String)
2022-12-02 19:27:40,276 DEBUG (BaseJdbcLogger.java:159)- <==      Total: 1
2022-12-02 19:27:40,276 DEBUG (BaseJdbcLogger.java:159)- ==>  Preparing: update dataCount set date=?,type =?,number =? where type =? and date=? 
2022-12-02 19:27:40,277 DEBUG (BaseJdbcLogger.java:159)- ==> Parameters: 2022年12月02日(String), 全景图(String), 3(Integer), 全景图(String), 2022年12月02日(String)
2022-12-02 19:27:40,283 DEBUG (BaseJdbcLogger.java:159)- <==    Updates: 1
2022-12-02 19:27:46,659 DEBUG (BaseJdbcLogger.java:159)- ==>  Preparing: select * from dataCount where type=? and date=? 
2022-12-02 19:27:46,660 DEBUG (BaseJdbcLogger.java:159)- ==> Parameters: 全景图(String), 2022年12月02日(String)
2022-12-02 19:27:46,661 DEBUG (BaseJdbcLogger.java:159)- <==      Total: 1
2022-12-02 19:27:46,662 DEBUG (BaseJdbcLogger.java:159)- ==>  Preparing: update dataCount set date=?,type =?,number =? where type =? and date=? 
2022-12-02 19:27:46,662 DEBUG (BaseJdbcLogger.java:159)- ==> Parameters: 2022年12月02日(String), 全景图(String), 4(Integer), 全景图(String), 2022年12月02日(String)
2022-12-02 19:27:46,668 DEBUG (BaseJdbcLogger.java:159)- <==    Updates: 1
